<?xml version="1.0" encoding="UTF-8"?>
<!-- Generated by org.testng.reporters.JUnitXMLReporter -->
<testsuite ignored="2" hostname="DESKTOP-A5GJT2Q" failures="0" tests="1" name="HelloSelenium" time="21.296" errors="0" timestamp="2024-06-25T10:49:29 ICT">
  <testcase classname="testcases.Chapter10.RegisterTest" name="verifyUniqueEmailRegistration" time="8.441"/>
  <testcase classname="testcases.Chapter10.RegisterTest" name="verifyAccountCreationActivation" time="0.0">
    <ignored/>
  </testcase> <!-- verifyAccountCreationActivation -->
  <testcase classname="testcases.Chapter10.RegisterTest" name="verifyEmptyFieldsRegistration" time="0.0">
    <ignored/>
  </testcase> <!-- verifyEmptyFieldsRegistration -->
</testsuite> <!-- HelloSelenium -->
