<?xml version="1.0" encoding="UTF-8"?>
<testng-results ignored="0" total="1" passed="1" failed="0" skipped="0">
  <reporter-output>
  </reporter-output>
  <suite started-at="2024-06-11T09:19:32 ICT" name="Default Suite" finished-at="2024-06-11T09:19:48 ICT" duration-ms="16447">
    <groups>
    </groups>
    <test started-at="2024-06-11T09:19:32 ICT" name="HelloSelenium" finished-at="2024-06-11T09:19:48 ICT" duration-ms="16447">
      <class name="testcases.LogoutTest">
        <test-method is-config="true" signature="setUp()[pri:0, instance:testcases.LogoutTest@7e5afaa6]" started-at="2024-06-11T09:19:32 ICT" name="setUp" finished-at="2024-06-11T09:19:37 ICT" duration-ms="5325" status="PASS">
          <reporter-output>
          </reporter-output>
        </test-method> <!-- setUp -->
        <test-method signature="Logout()[pri:0, instance:testcases.LogoutTest@7e5afaa6]" started-at="2024-06-11T09:19:37 ICT" name="Logout" finished-at="2024-06-11T09:19:48 ICT" duration-ms="10509" status="PASS">
          <reporter-output>
          </reporter-output>
        </test-method> <!-- Logout -->
        <test-method is-config="true" signature="quitBrowser()[pri:0, instance:testcases.LogoutTest@7e5afaa6]" started-at="2024-06-11T09:19:48 ICT" name="quitBrowser" finished-at="2024-06-11T09:19:48 ICT" duration-ms="459" status="PASS">
          <reporter-output>
          </reporter-output>
        </test-method> <!-- quitBrowser -->
      </class> <!-- testcases.LogoutTest -->
    </test> <!-- HelloSelenium -->
  </suite> <!-- Default Suite -->
</testng-results>
