<?xml version="1.0" encoding="UTF-8"?>
<testng-results ignored="0" total="1" passed="1" failed="0" skipped="0">
  <reporter-output>
  </reporter-output>
  <suite started-at="2024-06-10T19:49:12 ICT" name="Default Suite" finished-at="2024-06-10T19:49:34 ICT" duration-ms="21770">
    <groups>
    </groups>
    <test started-at="2024-06-10T19:49:12 ICT" name="HelloSelenium" finished-at="2024-06-10T19:49:34 ICT" duration-ms="21770">
      <class name="testcases.LogoutTest">
        <test-method is-config="true" signature="setUp()[pri:0, instance:testcases.LogoutTest@28f3b248]" started-at="2024-06-10T19:49:12 ICT" name="setUp" finished-at="2024-06-10T19:49:18 ICT" duration-ms="5808" status="PASS">
          <reporter-output>
          </reporter-output>
        </test-method> <!-- setUp -->
        <test-method signature="Logout()[pri:0, instance:testcases.LogoutTest@28f3b248]" started-at="2024-06-10T19:49:18 ICT" name="Logout" finished-at="2024-06-10T19:49:33 ICT" duration-ms="15311" status="PASS">
          <reporter-output>
          </reporter-output>
        </test-method> <!-- Logout -->
        <test-method is-config="true" signature="quitBrowser()[pri:0, instance:testcases.LogoutTest@28f3b248]" started-at="2024-06-10T19:49:33 ICT" name="quitBrowser" finished-at="2024-06-10T19:49:34 ICT" duration-ms="475" status="PASS">
          <reporter-output>
          </reporter-output>
        </test-method> <!-- quitBrowser -->
      </class> <!-- testcases.LogoutTest -->
    </test> <!-- HelloSelenium -->
  </suite> <!-- Default Suite -->
</testng-results>
